<?xml version="1.0" encoding="UTF-8"?>
<testsuite xmlns:xsi="http://www.w3.org/2001/XMLSchema-instance" xsi:noNamespaceSchemaLocation="https://maven.apache.org/surefire/maven-surefire-plugin/xsd/surefire-test-report.xsd" name="com.nnk.springboot.controllers.CurveControllerTest" time="0.048" tests="6" errors="0" skipped="0" failures="0">
  <properties>
[...]
</properties>
  <testcase name="addTestNull" classname="com.nnk.springboot.controllers.CurveControllerTest" time="0.006"/>
  <testcase name="addTest" classname="com.nnk.springboot.controllers.CurveControllerTest" time="0.005"/>
  <testcase name="updateNull" classname="com.nnk.springboot.controllers.CurveControllerTest" time="0.004"/>
  <testcase name="updateTest" classname="com.nnk.springboot.controllers.CurveControllerTest" time="0.005"/>
  <testcase name="deleteNull" classname="com.nnk.springboot.controllers.CurveControllerTest" time="0.003"/>
  <testcase name="deleteTest" classname="com.nnk.springboot.controllers.CurveControllerTest" time="0.007"/>
</testsuite>